[35m[Appium][39m Welcome to Appium v1.20.2
[35m[Appium][39m Non-default server args:
[35m[Appium][39m   port: 53557
[35m[Appium][39m   loglevel: info
[35m[Appium][39m   tmpDir: /var/folders/kc/3w5pkhs51131gfs_49pc92sm0000gn/T//Katalon/Appium/Temp1667448370583
[35m[Appium][39m   chromedriverPort: 53558
[35m[Appium][39m Deprecated server args:
[35m[Appium][39m   [31m--chromedriver-port[39m => --default-capabilities
[35m[Appium][39m Default capabilities, which will be added to each request unless overridden by desired capabilities:
[35m[Appium][39m   chromedriverPort: 53558
[35m[Appium][39m Appium REST http interface listener started on 0.0.0.0:53557
[35m[HTTP][39m [37m-->[39m [37mGET[39m [37m/wd/hub/status[39m
[35m[HTTP][39m [90m{}[39m
[35m[HTTP][39m [37m<-- GET /wd/hub/status [39m[32m200[39m [90m7 ms - 68[39m
[35m[HTTP][39m [90m[39m
[35m[HTTP][39m [37m-->[39m [37mGET[39m [37m/wd/hub/status[39m
[35m[HTTP][39m [90m{}[39m
[35m[HTTP][39m [37m<-- GET /wd/hub/status [39m[32m200[39m [90m1 ms - 68[39m
[35m[HTTP][39m [90m[39m
[35m[HTTP][39m [37m-->[39m [37mPOST[39m [37m/wd/hub/session[39m
[35m[HTTP][39m [90m{"desiredCapabilities":{"appActivity":".Settings","appPackage":"com.android.settings","newCommandTimeout":1800,"platformVersion":"11","automationName":"uiautomator2","autoGrantPermissions":true,"platformName":"Android","udid":"emulator-5554","deviceName":"emulator-5554 (sdk_gphone_x86 - Android 11)","platform":"ANDROID","systemPort":8245},"capabilities":{"firstMatch":[{"appium:appActivity":".Settings","appium:appPackage":"com.android.settings","appium:autoGrantPermissions":true,"appium:automationName":"uiautomator2","appium:deviceName":"emulator-5554 (sdk_gphone_x86 - Android 11)","appium:newCommandTimeout":1800,"platform":"ANDROID","platformName":"android","appium:platformVersion":"11","appium:systemPort":8245,"appium:udid":"emulator-5554"}]}}[39m
[35m[BaseDriver][39m The following capabilities are not standard capabilities and should have an extension prefix:
[35m[BaseDriver][39m   platform
[35m[BaseDriver][39m   chromedriverPort
[35m[Appium][39m Appium v1.20.2 creating new AndroidUiautomator2Driver (v1.61.2) session
[35m[BaseDriver][39m The following capabilities were provided, but are not recognized by Appium:
[35m[BaseDriver][39m   platform
[35m[BaseDriver][39m Session created with session id: 6bdd3770-cc93-42fe-8c24-d7ea7e0d83ed
[35m[UiAutomator2][39m Starting 'com.android.settings' directly on the device
[35m[ADB][39m Found 1 'build-tools' folders under '/Users/flavalize/.katalon/tools/android_sdk' (newest first):
[35m[ADB][39m     /Users/flavalize/.katalon/tools/android_sdk/build-tools/29.0.3
[35m[ADB][39m Using 'adb' from '/Users/flavalize/.katalon/tools/android_sdk/platform-tools/adb'
[35m[AndroidDriver][39m Retrieving device list
[35m[AndroidDriver][39m Using device: emulator-5554
[35m[ADB][39m Using 'adb' from '/Users/flavalize/.katalon/tools/android_sdk/platform-tools/adb'
[35m[ADB][39m Getting device platform version
[35m[UiAutomator2][39m Relaxing hidden api policy
[35m[AndroidDriver][39m No app sent in, not parsing package/activity
[35m[UiAutomator2][39m Server package at '/usr/local/lib/node_modules/appium/node_modules/appium-uiautomator2-server/apks/appium-uiautomator2-server-v4.17.4.apk' is not writeable. Will copy it into the temporary location at '/var/folders/kc/3w5pkhs51131gfs_49pc92sm0000gn/T/Katalon/Appium/Temp1667448370583/2022103-3585-1yq6kg2.pqwp' as a workaround. Consider making this file writeable manually in order to improve the performance of session startup.
[35m[UiAutomator2][39m Server package at '/usr/local/lib/node_modules/appium/node_modules/appium-uiautomator2-server/apks/appium-uiautomator2-server-debug-androidTest.apk' is not writeable. Will copy it into the temporary location at '/var/folders/kc/3w5pkhs51131gfs_49pc92sm0000gn/T/Katalon/Appium/Temp1667448370583/2022103-3585-1yq6kg2.pqwp' as a workaround. Consider making this file writeable manually in order to improve the performance of session startup.
[35m[ADB][39m Using 'apksigner.jar' from '/Users/flavalize/.katalon/tools/android_sdk/build-tools/29.0.3/lib/apksigner.jar'
[35m[ADB][39m '/var/folders/kc/3w5pkhs51131gfs_49pc92sm0000gn/T/Katalon/Appium/Temp1667448370583/2022103-3585-1yq6kg2.pqwp/appium-uiautomator2-server-v4.17.4.apk' is signed with the default certificate
[35m[ADB][39m '/var/folders/kc/3w5pkhs51131gfs_49pc92sm0000gn/T/Katalon/Appium/Temp1667448370583/2022103-3585-1yq6kg2.pqwp/appium-uiautomator2-server-debug-androidTest.apk' is signed with the default certificate
[35m[UiAutomator2][39m Server packages are not going to be (re)installed
[35m[ADB][39m Adding packages ["io.appium.settings","io.appium.uiautomator2.server","io.appium.uiautomator2.server.test"] to Doze whitelist
[35m[UiAutomator2][39m Starting UIAutomator2 server 4.17.4
[35m[UiAutomator2][39m Using UIAutomator2 server from '/usr/local/lib/node_modules/appium/node_modules/appium-uiautomator2-server/apks/appium-uiautomator2-server-v4.17.4.apk' and test from '/usr/local/lib/node_modules/appium/node_modules/appium-uiautomator2-server/apks/appium-uiautomator2-server-debug-androidTest.apk'
[35m[UiAutomator2][39m Waiting up to 30000ms for UiAutomator2 to be online...
[35m[WD Proxy][39m socket hang up
[35m[WD Proxy][39m socket hang up
[35m[WD Proxy][39m socket hang up
[35m[WD Proxy][39m socket hang up
[35m[WD Proxy][39m socket hang up
[35m[WD Proxy][39m socket hang up
[35m[WD Proxy][39m Determined the downstream protocol as 'W3C'
[35m[AndroidDriver][39m Screen already unlocked, doing nothing
[35m[UiAutomator2][39m Starting 'com.android.settings/.Settings and waiting for 'com.android.settings/.Settings'
[35m[Appium][39m New AndroidUiautomator2Driver session created successfully, session 6bdd3770-cc93-42fe-8c24-d7ea7e0d83ed added to master session list
[35m[HTTP][39m [37m<-- POST /wd/hub/session [39m[32m200[39m [90m14075 ms - 1186[39m
[35m[HTTP][39m [90m[39m
[35m[HTTP][39m [37m-->[39m [37mGET[39m [37m/wd/hub/session/6bdd3770-cc93-42fe-8c24-d7ea7e0d83ed[39m
[35m[HTTP][39m [90m{}[39m
[35m[HTTP][39m [37m<-- GET /wd/hub/session/6bdd3770-cc93-42fe-8c24-d7ea7e0d83ed [39m[32m200[39m [90m27 ms - 1140[39m
[35m[HTTP][39m [90m[39m
[35m[HTTP][39m [37m-->[39m [37mGET[39m [37m/wd/hub/session/6bdd3770-cc93-42fe-8c24-d7ea7e0d83ed[39m
[35m[HTTP][39m [90m{}[39m
[35m[HTTP][39m [37m<-- GET /wd/hub/session/6bdd3770-cc93-42fe-8c24-d7ea7e0d83ed [39m[32m200[39m [90m22 ms - 1140[39m
[35m[HTTP][39m [90m[39m
[35m[HTTP][39m [37m-->[39m [37mGET[39m [37m/wd/hub/status[39m
[35m[HTTP][39m [90m{}[39m
[35m[HTTP][39m [37m<-- GET /wd/hub/status [39m[32m200[39m [90m1 ms - 68[39m
[35m[HTTP][39m [90m[39m
[35m[HTTP][39m [37m-->[39m [37mPOST[39m [37m/wd/hub/session/6bdd3770-cc93-42fe-8c24-d7ea7e0d83ed/timeouts[39m
[35m[HTTP][39m [90m{"implicit":60000}[39m
[35m[HTTP][39m [37m<-- POST /wd/hub/session/6bdd3770-cc93-42fe-8c24-d7ea7e0d83ed/timeouts [39m[32m200[39m [90m2 ms - 14[39m
[35m[HTTP][39m [90m[39m
[35m[HTTP][39m [37m-->[39m [37mGET[39m [37m/wd/hub/session/6bdd3770-cc93-42fe-8c24-d7ea7e0d83ed/screenshot[39m
[35m[HTTP][39m [90m{}[39m
[35m[HTTP][39m [37m<-- GET /wd/hub/session/6bdd3770-cc93-42fe-8c24-d7ea7e0d83ed/screenshot [39m[32m200[39m [90m549 ms - 224222[39m
[35m[HTTP][39m [90m[39m
[35m[HTTP][39m [37m-->[39m [37mGET[39m [37m/wd/hub/session/6bdd3770-cc93-42fe-8c24-d7ea7e0d83ed/window/rect[39m
[35m[HTTP][39m [90m{}[39m
[35m[HTTP][39m [37m<-- GET /wd/hub/session/6bdd3770-cc93-42fe-8c24-d7ea7e0d83ed/window/rect [39m[32m200[39m [90m21 ms - 50[39m
[35m[HTTP][39m [90m[39m
[35m[HTTP][39m [37m-->[39m [37mGET[39m [37m/wd/hub/session/6bdd3770-cc93-42fe-8c24-d7ea7e0d83ed/appium/device/system_bars[39m
[35m[HTTP][39m [90m{}[39m
[35m[HTTP][39m [37m<-- GET /wd/hub/session/6bdd3770-cc93-42fe-8c24-d7ea7e0d83ed/appium/device/system_bars [39m[32m200[39m [90m122 ms - 149[39m
[35m[HTTP][39m [90m[39m
[35m[HTTP][39m [37m-->[39m [37mPOST[39m [37m/wd/hub/session/6bdd3770-cc93-42fe-8c24-d7ea7e0d83ed/appium/device/activate_app[39m
[35m[HTTP][39m [90m{"bundleId":"bcaf.crm.kkb.saleskit"}[39m
[35m[HTTP][39m [37m<-- POST /wd/hub/session/6bdd3770-cc93-42fe-8c24-d7ea7e0d83ed/appium/device/activate_app [39m[32m200[39m [90m889 ms - 14[39m
[35m[HTTP][39m [90m[39m
[35m[HTTP][39m [37m-->[39m [37mGET[39m [37m/wd/hub/session/6bdd3770-cc93-42fe-8c24-d7ea7e0d83ed/source[39m
[35m[HTTP][39m [90m{}[39m
[35m[W3C (6bdd3770)][39m Driver proxy active, passing request on via HTTP proxy
[35m[WD Proxy][39m Replacing sessionId bca46a90-bc47-4165-a322-1ccdf66ed2bb with 6bdd3770-cc93-42fe-8c24-d7ea7e0d83ed
[35m[HTTP][39m [37m<-- GET /wd/hub/session/6bdd3770-cc93-42fe-8c24-d7ea7e0d83ed/source [39m[32m200[39m [90m444 ms - 4637[39m
[35m[HTTP][39m [90m[39m
[35m[HTTP][39m [37m-->[39m [37mGET[39m [37m/wd/hub/session/6bdd3770-cc93-42fe-8c24-d7ea7e0d83ed/screenshot[39m
[35m[HTTP][39m [90m{}[39m
[35m[HTTP][39m [37m<-- GET /wd/hub/session/6bdd3770-cc93-42fe-8c24-d7ea7e0d83ed/screenshot [39m[32m200[39m [90m444 ms - 230260[39m
[35m[HTTP][39m [90m[39m
[35m[HTTP][39m [37m-->[39m [37mGET[39m [37m/wd/hub/session/6bdd3770-cc93-42fe-8c24-d7ea7e0d83ed/source[39m
[35m[HTTP][39m [90m{}[39m
[35m[W3C (6bdd3770)][39m Driver proxy active, passing request on via HTTP proxy
[35m[WD Proxy][39m Replacing sessionId bca46a90-bc47-4165-a322-1ccdf66ed2bb with 6bdd3770-cc93-42fe-8c24-d7ea7e0d83ed
[35m[HTTP][39m [37m<-- GET /wd/hub/session/6bdd3770-cc93-42fe-8c24-d7ea7e0d83ed/source [39m[32m200[39m [90m57 ms - 3176[39m
[35m[HTTP][39m [90m[39m
[35m[HTTP][39m [37m-->[39m [37mGET[39m [37m/wd/hub/session/6bdd3770-cc93-42fe-8c24-d7ea7e0d83ed/screenshot[39m
[35m[HTTP][39m [90m{}[39m
[35m[HTTP][39m [37m<-- GET /wd/hub/session/6bdd3770-cc93-42fe-8c24-d7ea7e0d83ed/screenshot [39m[32m200[39m [90m354 ms - 230182[39m
[35m[HTTP][39m [90m[39m
[35m[HTTP][39m [37m-->[39m [37mPOST[39m [37m/wd/hub/session/6bdd3770-cc93-42fe-8c24-d7ea7e0d83ed/elements[39m
[35m[HTTP][39m [90m{"using":"xpath","value":"//*[@class = 'android.widget.CheckedTextView' and (@text = 'TLO' or . = 'TLO') and @resource-id = 'android:id/text1']"}[39m
[35m[HTTP][39m [37m<-- POST /wd/hub/session/6bdd3770-cc93-42fe-8c24-d7ea7e0d83ed/elements [39m[32m200[39m [90m143 ms - 139[39m
[35m[HTTP][39m [90m[39m
[35m[HTTP][39m [37m-->[39m [37mDELETE[39m [37m/wd/hub/session/6bdd3770-cc93-42fe-8c24-d7ea7e0d83ed[39m
[35m[HTTP][39m [90m{}[39m
[35m[Appium][39m Removing session 6bdd3770-cc93-42fe-8c24-d7ea7e0d83ed from our master session list
[35m[UiAutomator2][39m Restoring hidden api policy to the device default configuration
[35m[HTTP][39m [37m<-- DELETE /wd/hub/session/6bdd3770-cc93-42fe-8c24-d7ea7e0d83ed [39m[32m200[39m [90m347 ms - 14[39m
[35m[HTTP][39m [90m[39m
